134
18.30
363.09
43.48
247.95
98.01
114.57
48.00
24.04
3.34
80.50
324.00

119.28
298678.92
135
18.30
363.09
43.48
247.95
98.01
114.57
48.00
24.04
3.34
80.50
324.00

119.28
298714.72
136
18.30
363.09
43.48
247.95
98.01
114.57
48.00
24.04
3.34
80.50
324.00

119.28
298591.22
137
18.30
363.09
43.48
247.95
98.01
114.57
48.00
24.04
3.34
80.50
324.00

119.28
298721.12
138
18.30
363.09
43.48
247.95
98.01
114.57
48.00
24.04
3.34
80.50
324.00

119.28
298703.22
139
18.30
363.09
43.48
247.95
98.01
114.57
48.00
24.04
3.34
80.50
324.00

119.28
298808.02
140
18.30
363.09
43.48
247.95
98.01
114.57
48.00
24.04
3.34
80.50
324.00

119.28
298716.32
141
18.30
363.09
43.48
247.95
98.01
114.57
48.00
24.04
3.34
80.50
324.00

119.28
298774.82
142
18.30
363.09
43.48
247.95
98.01
114.57
48.00
24.04
3.34
80.50
324.00

119.28
298719.02
143
18.30
363.09
43.48
247.95
98.01
114.57
48.00
24.04
3.34
80.50
324.00

119.28
298723.82
144
18.30
363.09
43.48
247.95
98.01
114.57
48.00
24.04
3.34
80.50
324.00

119.28
298713.22
145
18.30
363.09
43.48
247.95
98.01
114.57
48.00
24.04
3.34
80.50
324.00

119.28
298738.62
146
18.30
363.09
43.48
247.95
98.01
114.57
48.00
24.04
3.34
80.50
324.00

119.28
298859.32
147
18.30
363.09
43.48
247.95
98.01
114.57
48.00
24.04
3.34
80.50
324.00

119.28
298798.72
148
18.30
363.09
43.48
247.95
98.01
114.57
48.00
24.04
3.34
80.50
324.00
3.30
119.28
298784.92
149
18.30
363.09
43.48
247.95
98.01
114.57
48.00
24.04
3.34
80.50
324.00
3.30
119.28
298667.42
150
18.30
363.09
43.48
247.95
98.01
114.57
48.00
24.04
3.34
80.50
324.00
3.30
119.28
298735.62
151
18.30
363.09
43.48
247.95
98.01
114.57
48.00
24.04
3.34
80.50
324.00
3.30
119.28
298588.22
152
18.30
363.09
43.48
247.95
98.01
114.57
48.00
24.04
3.34
80.50
324.00
3.30
119.28
298737.42
153
18.30
363.09
43.48
247.95
98.01
114.57
48.00
24.04
3.34
80.50
324.00
3.30
119.28
298706.32
154
18.30
363.09
43.48
247.95
98.01
114.57
48.00
24.04
3.34
80.50
324.00
3.30
119.28
298641.72
155
18.30
363.09
43.48
247.95
98.01
114.57
48.00
24.04
3.34
80.50
324.00
3.30
119.28
298705.42
156
18.30
363.09
43.48
247.95
98.01
114.57
48.00
24.04
3.34
80.50
324.00
3.30
119.28
298638.52
157
18.30
363.09
43.48
247.95
98.01
114.57
48.00
24.04
3.34
80.50
324.00
3.30
119.28
298638.32
158
18.30
363.09
43.48
247.95
98.01
114.57
48.00
24.04
3.34
80.50
324.00
3.30
119.28
298565.72
159
18.30
363.09
43.48
247.95
98.01
114.57
48.00
24.04
3.34
80.50
324.00
3.30
119.28
298547.92
160
18.30
363.09
43.48
247.95
98.01
114.57
48.00
24.04
3.34
80.50
324.00
3.30
119.28
298494.22
161
18.30
363.09
43.48
247.95
98.01
114.57
48.00
24.04
3.34
80.50
324.00
3.30
119.28
298513.62
162
18.30
363.09
43.48
247.95
98.01
114.57
48.00
24.04
3.34
80.50
324.00
3.30
119.28
298595.12
163
18.30
363.09
43.48
247.95
98.01
114.57
48.00
24.04
3.34
80.50
324.00
3.30
119.28
298538.62
164
18.30
363.09
43.48
247.95
98.01
114.57
48.00
24.04
3.34
80.50
324.00
3.30
119.28
298705.52
165
18.30
363.09
43.48
247.95
98.01
114.57
48.00
24.04
3.34
80.50
324.00
3.30
119.28
298778.62
166
18.30
363.09
43.48
247.95
98.01
114.57
48.00
24.04
3.34
80.50
324.00
3.30
119.28
298791.42
167
18.30
363.09
43.48
247.95
98.01
114.57
48.00
24.04
3.34
80.50
324.00
3.30
119.28
298897.82
168
18.30
363.09
43.48
247.95
98.01
114.57
48.00
24.04
3.34
80.50
324.00
3.30
119.28
298945.02
169
18.30
363.09
43.48
247.95
98.01
114.57
48.00
24.04
3.34
80.50
324.00
3.30
119.28
299089.02
170
18.30
363.09
43.48
247.95
98.01
114.57
48.00
24.04
3.34
80.50
324.00
3.30
119.28
299031.12
171
18.30
363.09
43.48
247.95
98.01
114.57
48.00
24.04
3.34
80.50
324.00
3.30
119.28
298934.02
172
18.30
363.09
43.48
247.95
98.01
114.57
48.00
24.04
3.34
80.50
324.00
3.30
119.28
298899.32
173
18.30
363.09
43.48
247.95
98.01
114.57
48.00
24.04
3.34
80.50
324.00
3.30
119.28
298809.22
174
18.30
363.09
43.48
247.95
98.01
114.57
48.00
24.04
3.34
80.50
324.00
3.30
119.28
298889.62
175
18.30
363.09
43.48
247.95
98.01
114.57
48.00
24.04
3.34
80.50
324.00
3.30
119.28
298925.62
176
18.30
363.09
43.48
247.95
98.01
114.57
48.00
24.04
3.34
80.50
324.00
3.30
119.28
298944.72
177
18.30
363.09
43.48
247.95
98.01
114.57
48.00
24.04
3.34
80.50
324.00
3.30
119.28
298833.42
178
18.30
363.09
43.48
247.95
98.01
114.57
48.00
24.04
3.34
80.50
324.00
3.30
119.28
298787.52
179
18.30
363.09
43.48
247.95
98.01
114.57
48.00
24.04
3.34
80.50
324.00
3.30
119.28
298877.82
180
18.30
363.09
43.48
247.95
98.01
114.57
48.00
24.04
3.34
80.50
324.00
3.30
119.28
298816.72
181
18.30
363.09
43.48
247.95
98.01
114.57
48.00
24.04
3.34
80.50
324.00
3.30
119.28
298840.92
182
18.30
363.09
43.48
247.95
98.01
114.57
48.00
24.04
3.34
80.50
324.00
3.30
119.28
298800.52
183
18.30
363.09
43.48
247.95
98.01
114.57
48.00
24.04
3.34
80.50
324.00
3.30
119.28
298788.32
184
18.30
363.09
43.48
247.95
98.01
114.57
48.00
24.04
3.34
80.50
324.00
3.30
119.28
298815.82
185
18.30
363.09
43.48
247.95
98.01
114.57
48.00
24.04
3.34
80.50
324.00
3.30
119.28
298779.12
186
18.30
363.09
43.48
247.95
98.01
114.57
48.00
24.04
3.34
80.50
324.00
3.30
119.28
298796.12
187
18.30
363.09
43.48
247.95
98.01
114.57
48.00
24.04
3.34
80.50
324.00
3.30
119.28
298793.62
188
18.30
363.09
43.48
247.95
98.01
114.57
48.00
24.04
3.34
80.50
324.00
3.30
119.28
298719.92
189
18.30
363.09
43.48
247.95
98.01
114.57
48.00
24.04
3.34
80.50
324.00
3.30
119.28
299168.42
190
18.30
363.09
43.48
247.95
98.01
114.57
48.00
24.04
3.34
80.50
324.00
3.30
119.28
299170.42
191
18.30
363.09
43.48
247.95
98.01
114.57
48.00
24.04
3.34
80.50
324.00
3.30
119.28
299126.62
192
18.30
363.09
43.48
247.95
98.01
114.57
48.00
24.04
3.34
80.50
324.00
3.30
119.28
299187.82
193
18.30
363.09
43.48
247.95
98.01
114.57
48.00
24.04
3.34
80.50
324.00
3.30
119.28
299199.12
194
18.30
363.09
43.48
247.95
98.01
114.57
48.00
24.04
3.34
80.50
324.00
3.30
119.28
299257.82
195
18.30
363.09
43.48
247.95
98.01
114.57
48.00
24.04
3.34
80.50
324.00
3.30
119.28
299277.02
196
18.30
363.09
43.48
247.95
98.01
114.57
48.00
24.04
3.34
80.50
324.00
3.30
119.28
299284.82
197
18.30
363.09
43.48
247.95
98.01
114.57
48.00
24.04
3.34
80.50
324.00
3.30
119.28
299233.42
198
18.30
363.09
43.48
247.95
98.01
114.57
48.00
24.04
3.34
80.50
324.00
3.30
119.28
299272.32
199
18.30
363.09
43.48
247.95
98.01
114.57
48.00
24.04
3.34
80.50
324.00
3.30
119.28
299280.52
200
18.30
363.09
43.48
247.95
98.01
114.57
48.00
24.04
3.34
80.50
324.00
3.30
119.28
299247.12
201
18.30
363.09
43.48
247.95
98.01
114.57
48.00
24.04
3.34
80.50
324.00
3.30
119.28
299190.02
202
18.30
363.09
43.48
247.95
98.01
114.57
48.00
24.04
3.34
80.50
324.00
3.30
119.28
299157.32
203
18.30
363.09
43.48
247.95
98.01
114.57
48.00
24.04
3.34
80.50
324.00
3.30
119.28
299251.12
204
18.30
363.09
43.48
247.95
98.01
114.57
48.00
24.04
3.34
80.50
324.00
3.30
119.28
299291.82
205
18.30
363.09
43.48
247.95
98.01
114.57
48.00
24.04
3.34
80.50
324.00
3.30
119.28
299213.22
206
18.30
363.09
43.48
247.95
98.01
114.57
48.00
24.04
3.34
80.50
324.00
3.30
119.28
299251.72
207
18.30
363.09
43.48
247.95
98.01
114.57
48.00
24.04
3.34
80.50
324.00
3.30
119.28
299227.22
208
18.30
363.09
43.48
247.95
98.01
114.57
48.00
24.04
3.34
80.50
324.00
3.30
119.28
299178.92
209
18.30
363.09
43.48
247.95
98.01
114.57
48.00
24.04
3.34
80.50
324.00
3.30
119.28
299236.02
210
18.30
363.09
43.48
247.95
98.01
114.57
48.00
24.04
3.34
80.50
324.00
3.30
119.28
299262.82
211
18.30
363.09
43.48
247.95
98.01
114.57
48.00
24.04
3.34
80.50
324.00
3.30
119.28
299314.42
212
18.30
363.09
43.48
247.95
98.01
114.57
48.00
24.04
3.34
80.50
324.00
3.30
119.28
299339.32
213
18.30
363.09
43.48
247.95
98.01
114.57
48.00
24.04
3.34
80.50
324.00
3.30
119.28
299486.72
214
18.30
363.09
43.48
247.95
98.01
114.57
48.00
24.04
3.34
80.50
324.00
3.30
119.28
299543.02
215
18.30
363.09
43.48
247.95
98.01
114.57
48.00
24.04
3.34
80.50
324.00
3.30
119.28
299509.12
216
18.30
363.09
43.48
247.95
98.01
114.57
48.00
24.04
3.34
80.50
324.00
3.30
119.28
299472.22
217
18.30
363.09
43.48
247.95
98.01
114.57
48.00
24.04
3.34
80.50
324.00
3.30
119.28
299300.52
218
18.30
363.09
43.48
247.95
98.01
114.57
48.00
24.04
3.34
80.50
324.00
3.30
119.28
299286.12
219
18.30
363.09
43.48
247.95
98.01
114.57
48.00
24.04
3.34
80.50
324.00
3.30
119.28
299196.92
220
18.30
363.09
43.48
247.95
98.01
114.57
48.00
24.04
3.34
80.50
324.00
3.30
119.28
299204.72
221
18.30
363.09
43.48
247.95
98.01
114.57
48.00
24.04
3.34
80.50
324.00
3.30
119.28
299192.32
222
18.30
363.09
43.48
247.95
98.01
114.57
48.00
24.04
3.34
80.50
324.00
3.30
119.28
299202.52
224
18.30
363.09
43.48
247.95
98.01
114.57
48.00
24.04
3.34
80.50
324.00
3.30
119.28
299072.72
225
18.30
363.09
43.48
247.95
98.01
114.57
48.00
24.04
3.34
80.50
324.00
3.30
119.28
299130.12
226
18.30
363.09
43.48
247.95
98.01
114.57
48.00
24.04
3.34
80.50
324.00
3.30
119.28
299001.32
227
18.30
363.09
43.48
247.95
98.01
114.57
48.00
24.04
3.34
80.50
324.00
3.30
119.28
299136.02
228
18.30
363.09
43.48
247.95
98.01
114.57
48.00
24.04
3.34
80.50
324.00
3.30
119.28
299047.02
229
18.30
363.09
43.48
247.95
98.01
114.57
48.00
24.04
3.34
80.50
324.00
3.30
119.28
298990.72
230
18.30
363.09
43.48
247.95
98.01
114.57
48.00
24.04
3.34
80.50
324.00
3.30
119.28
298978.42
231
18.30
363.09
43.48
247.95
98.01
114.57
48.00
24.04
3.34
80.50
324.00
3.30
119.28
298968.02
232
18.30
363.09
43.48
247.95
98.01
114.57
48.00
24.04
3.34
80.50
324.00
3.30
119.28
298916.22
233
18.30
363.09
43.48
247.95
98.01
114.57
48.00
24.04
3.34
80.50
324.00
3.30
119.28
298994.42
234
18.30
363.09
43.48
247.95
98.01
114.57
48.00
24.04
3.34
80.50
324.00
3.30
119.28
298788.62
235
18.30
363.09
43.48
247.95
98.01
114.57
48.00
24.04
3.34
80.50
324.00
3.30
119.28
298719.52
236
18.30
363.09
43.48
247.95
98.01
114.57
48.00
24.04
3.34
80.50
324.00
3.30
119.28
298726.12
237
18.30
363.09
43.48
247.95
98.01
114.57
48.00
24.04
3.34
80.50
324.00
3.30
119.28
298691.42
238
18.30
363.09
43.48
247.95
98.01
114.57
48.00
24.04
3.34
80.50
324.00
3.30
119.28
298659.52
239
18.30
363.09
43.48
247.95
98.01
114.57
48.00
24.04
3.34
80.50
324.00
3.30
119.28
298771.32
240
18.30
363.09
43.48
247.95
98.01
114.57
48.00
24.04
3.34
80.50
324.00
3.30
119.28
298869.92
241
18.30
363.09
43.48
247.95
98.01
114.57
48.00
24.04
3.34
80.50
324.00
3.30
119.28
298985.62
242
18.30
363.09
43.48
247.95
98.01
114.57
48.00
24.04
3.34
80.50
324.00
3.30
119.28
298924.22
243
18.30
363.09
43.48
247.95
98.01
114.57
48.00
24.04
3.34
80.50
324.00
3.30
119.28
298974.32
244
18.30
363.09
43.48
247.95
98.01
114.57
48.00
24.04
3.34
80.50
324.00
3.30
119.28
299081.72
245
18.30
363.09
43.48
247.95
98.01
114.57
48.00
24.04
3.34
80.50
324.00
3.30
119.28
299060.42
246
18.30
363.09
43.48
247.95
98.01
114.57
48.00
24.04
3.34
80.50
324.00
3.30
119.28
299042.82
247
18.30
363.09
43.48
247.95
98.01
114.57
48.00
24.04
3.34
80.50
324.00
3.30
119.28
299076.72
248
18.30
363.09
43.48
247.95
98.01
114.57
48.00
24.04
3.34
80.50
324.00
3.30
119.28
299079.62
249
18.30
363.09
43.48
247.95
98.01
114.57
48.00
24.04
3.34
80.50
324.00
3.30
119.28
298997.52
250
18.30
363.09
43.48
247.95
98.01
114.57
48.00
24.04
3.34
80.50
324.00
3.30
119.28
299024.32
251
18.30
363.09
43.48
247.95
98.01
114.57
48.00
24.04
3.34
80.50
324.00
3.30
119.28
299021.92
252
18.30
363.09
43.48
247.95
98.01
114.57
48.00
24.04
3.34
80.50
324.00
3.30
119.28
298976.72
253
18.30
363.09
43.48
247.95
98.01
114.57
48.00
24.04
3.34
80.50
324.00
3.30
119.28
298926.92
254
18.30
363.09
43.48
247.95
98.01
114.57
48.00
24.04
3.34
80.50
324.00
3.30
119.28
298960.12
255
18.30
363.09
43.48
247.95
98.01
114.57
48.00
24.04
3.34
80.50
324.00
3.30
119.28
298889.42
256
18.30
363.09
43.48
247.95
98.01
114.57
48.00
24.04
3.34
80.50
324.00
3.30
119.28
298860.22
257
18.30
363.09
43.48
247.95
98.01
114.57
48.00
24.04
3.34
80.50
324.00
3.30
119.28
298797.92
258
18.30
363.09
43.48
247.95
98.01
114.57
48.00
24.04
3.34
80.50
324.00
3.30
119.28
298713.92
259
18.30
363.09
43.48
247.95
98.01
114.57
48.00
24.04
3.34
80.50
324.00
3.30
119.28
298693.42
260
18.30
363.09
43.48
247.95
98.01
114.57
48.00
24.04
3.34
80.50
324.00
3.30
119.28
298754.12
261
18.30
363.09
43.48
247.95
98.01
114.57
48.00
24.04
3.34
80.50
324.00
3.30
119.28
298746.02
262
18.30
363.09
43.48
247.95
98.01
114.57
48.00
24.04
3.34
80.50
324.00
3.30
119.28
298661.62
263
18.30
363.09
43.48
247.95
98.01
114.57
48.00
24.04
3.34
80.50
324.00
3.30
119.28
298581.72
264
18.30
363.09
43.48
247.95
98.01
114.57
48.00
24.04
3.34
80.50
324.00
3.30
119.28
298525.22
265
18.30
363.09
43.48
247.95
98.01
114.57
48.00
24.04
3.34
80.50
324.00
3.30
119.28
298475.92
266
18.30
363.09
43.48
247.95
98.01
114.57
48.00
24.04
3.34
80.50
324.00
3.30
119.28
298462.02
267
18.30
363.09
43.48
247.95
98.01
114.57
48.00
24.04
3.34
80.50
324.00
3.30
119.28
298482.92
268
18.30
363.09
43.48
247.95
98.01
114.57
48.00
24.04
3.34
80.50
324.00
3.30
119.28
298461.42
269
18.30
363.09
43.48
247.95
98.01
114.57
48.00
24.04
3.34
80.50
324.00
3.30
119.28
298519.82
270
18.30
363.09
43.48
247.95
98.01
114.57
48.00
24.04
3.34
80.50
324.00
3.30
119.28
298529.52
271
18.30
363.09
43.48
247.95
98.01
114.57
48.00
24.04
3.34
80.50
324.00
3.30
119.28
298557.62
272
18.30
363.09
43.48
247.95
98.01
114.57
48.00
24.04
3.34
80.50
324.00
3.30
119.28
298564.82
273
18.30
363.09
43.48
247.95
98.01
114.57
48.00
24.04
3.34
80.50
324.00
3.30
119.28
298541.02
274
18.30
363.09
43.48
247.95
98.01
114.57
48.00
24.04
3.34
80.50
324.00
3.30
119.28
298402.22
275
18.30
363.09
43.48
247.95
98.01
114.57
48.00
24.04
3.34
80.50
324.00
3.30
119.28
298331.32
276
18.30
363.09
43.48
247.95
98.01
114.57
48.00
24.04
3.34
80.50
324.00
3.30
119.28
298327.82
277
18.30
363.09
43.48
247.95
98.01
114.57
48.00
24.04
3.34
80.50
324.00
3.30
119.28
298333.52
278
18.30
363.09
43.48
247.95
98.01
114.57
48.00
24.04
3.34
80.50
324.00
3.30
119.28
298267.12
279
18.30
363.09
43.48
247.95
98.01
114.57
48.00
24.04
3.34
80.50
324.00
3.30
119.28
298136.92
280
18.30
363.09
43.48
247.95
98.01
114.57
48.00
24.04
3.34
80.50
324.00
3.30
119.28
298162.32
281
18.30
363.09
43.48
247.95
98.01
114.57
48.00
24.04
3.34
80.50
324.00
3.30
119.28
298172.02
282
18.30
363.09
43.48
247.95
98.01
114.57
48.00
24.04
3.34
80.50
324.00
3.30
119.28
298347.32
283
18.30
363.09
43.48
247.95
98.01
114.57
48.00
24.04
3.34
80.50
324.00
3.30
119.28
298475.02
284
18.30
363.09
43.48
247.95
98.01
114.57
48.00
24.04
3.34
80.50
324.00
3.30
119.28
298736.32
285
18.30
363.09
43.48
247.95
98.01
114.57
48.00
24.04
3.34
80.50
324.00
3.30
119.28
298662.02
286
18.30
363.09
43.48
247.95
98.01
114.57
48.00
24.04
3.34
80.50
324.00
3.30
119.28
298590.12
287
18.30
363.09
43.48
247.95
98.01
114.57
48.00
24.04
3.34
80.50
324.00
3.30
119.28
298609.12
288
18.30
363.09
43.48
247.95
98.01
114.57
48.00
24.04
3.34
80.50
324.00
3.30
119.28
298582.82
289
18.30
363.09
43.48
247.95
98.01
114.57
48.00
24.04
3.34
80.50
324.00
3.30
119.28
298478.22
290
18.30
363.09
43.48
247.95
98.01
114.57
48.00
24.04
3.34
80.50
324.00
3.30
119.28
298712.62
291
18.30
363.09
43.48
247.95
98.01
114.57
48.00
24.04
3.34
80.50
324.00
3.30
119.28
298557.22
292
18.30
363.09
43.48
247.95
98.01
114.57
48.00
24.04
3.34
80.50
324.00
3.30
119.28
298511.02
293
18.30
363.09
43.48
247.95
98.01
114.57
48.00
24.04
3.34
80.50
324.00
3.30
119.28
298515.82
294
18.30
363.09
43.48
247.95
98.01
114.57
48.00
24.04
3.34
80.50
324.00
3.30
119.28
298432.12
295
18.30
363.09
43.48
247.95
98.01
114.57
48.00
24.04
3.34
80.50
324.00
3.30
119.28
298511.92
296
18.30
363.09
43.48
247.95
98.01
114.57
48.00
24.04
3.34
80.50
324.00
3.30
119.28
298497.52
297
18.30
363.09
43.48
247.95
98.01
114.57
48.00
24.04
3.34
80.50
324.00
3.30
119.28
298484.02
298
18.30
363.09
43.48
247.95
98.01
114.57
48.00
24.04
3.34
80.50
324.00
3.30
119.28
298486.02
299
18.30
363.09
43.48
247.95
98.01
114.57
48.00
24.04
3.34
80.50
324.00
3.30
119.28
298519.42
300
18.30
363.09
43.48
247.95
98.01
114.57
48.00
24.04
3.34
80.50
324.00
3.30
119.28
298502.02
301
18.30
363.09
43.48
247.95
98.01
114.57
48.00
24.04
3.34
80.50
324.00
3.30
119.28
298549.32
302
18.30
363.09
43.48
247.95
98.01
114.57
48.00
24.04
3.34
80.50
324.00
3.30
119.28
298703.72
303
18.30
363.09
43.48
247.95
98.01
114.57
48.00
24.04
3.34
80.50
324.00
3.30
119.28
298851.42
304
18.30
363.09
43.48
247.95
98.01
114.57
48.00
24.04
3.34
80.50
324.00
3.30
119.28
298782.62
305
18.30
363.09
43.48
247.95
98.01
114.57
48.00
24.04
3.34
80.50
324.00
3.30
119.28
298790.02
306
18.30
363.09
43.48
247.95
98.01
114.57
48.00
24.04
3.34
80.50
324.00
3.30
119.28
298770.92
307
18.30
363.09
43.48
247.95
98.01
114.57
48.00
24.04
3.34
80.50
324.00
3.30
119.28
299200.82
308
18.30
363.09
43.48
247.95
98.01
114.57
48.00
24.04
3.34
80.50
324.00
3.30
119.28
299143.72
309
18.30
363.09
43.48
247.95
98.01
114.57
48.00
24.04
3.34
80.50
324.00
3.30
119.28
299205.42
310
18.30
363.09
43.48
247.95
98.01
114.57
48.00
24.04
3.34
80.50
324.00
3.30
119.28
299215.82
311
18.30
363.09
43.48
247.95
98.01
114.57
48.00
24.04
3.34
80.50
324.00
3.30
119.28
299157.92
312
18.30
363.09
43.48
247.95
98.01
114.57
48.00
24.04
3.34
80.50
324.00
3.30
119.28
299153.82
313
18.30
363.09
43.48
247.95
98.01
114.57
48.00
24.04
3.34
80.50
324.00
3.30
119.28
299165.82
314
18.30
363.09
43.48
247.95
98.01
114.57
48.00
24.04
3.34
80.50
324.00
3.30
119.28
299126.62
315
18.30
363.09
43.48
247.95
98.01
114.57
48.00
24.04
3.34
80.50
324.00
3.30
119.28
299210.32
316
18.30
363.09
43.48
247.95
98.01
114.57
48.00
24.04
3.34
80.50
324.00
3.30
119.28
299230.12
317
18.30
363.09
43.48
247.95
98.01
114.57
48.00
24.04
3.34
80.50
324.00
3.30
119.28
299331.72
318
18.30
363.09
43.48
247.95
98.01
114.57
48.00
24.04
3.34
80.50
324.00
3.30
119.28
299413.72
319
18.30
363.09
43.48
247.95
98.01
114.57
48.00
24.04
3.34
80.50
324.00
3.30
119.28
299588.22
320
18.30
363.09
43.48
247.95
98.01
114.57
48.00
24.04
3.34
80.50
324.00
3.30
119.28
299598.82
321
18.30
363.09
43.48
247.95
98.01
114.57
48.00
24.04
3.34
80.50
324.00
3.30
119.28
299879.52
323
18.30
363.09
43.48
247.95
98.01
114.57
48.00
24.04
3.34
80.50
324.00
3.30
119.28
299819.42
324
18.30
363.09
43.48
247.95
98.01
114.57
48.00
24.04
3.34
80.50
324.00
3.30
119.28
299816.92
325
18.30
363.09
43.48
247.95
98.01
114.57
48.00
24.04
3.34
80.50
324.00
3.30
119.28
299716.72
326
18.30
363.09
43.48
247.95
98.01
114.57
48.00
24.04
3.34
80.50
324.00
3.30
119.28
299734.82
327
18.30
363.09
43.48
247.95
98.01
114.57
48.00
24.04
3.34
80.50
324.00
3.30
119.28
299388.52
328
18.30
363.09
43.48
247.95
98.01
114.57
48.00
24.04
3.34
80.50
324.00
3.30
119.28
299362.32
329
18.30
363.09
43.48
247.95
98.01
114.57
48.00
24.04
3.34
80.50
324.00
3.30
119.28
299385.62
330
18.30
363.09
43.48
247.95
98.01
114.57
48.00
24.04
3.34
80.50
324.00
3.30
119.28
299415.42
331
18.30
363.09
43.48
247.95
98.01
114.57
48.00
24.04
3.34
80.50
324.00
3.30
119.28
299432.52
332
18.30
363.09
43.48
247.95
98.01
114.57
48.00
24.04
3.34
80.50
324.00
3.30
119.28
299504.62
333
18.30
363.09
43.48
247.95
98.01
114.57
48.00
24.04
3.34
80.50
324.00
3.30
119.28
299441.72
334
18.30
363.09
43.48
247.95
98.01
114.57
48.00
24.04
3.34
80.50
324.00
3.30
119.28
299401.02
335
18.30
363.09
43.48
247.95
98.01
114.57
48.00
24.04
3.34
80.50
324.00
3.30
119.28
299418.72
336
18.30
363.09
43.48
247.95
98.01
114.57
48.00
24.04
3.34
80.50
324.00
3.30
119.28
299454.22
337
18.30
363.09
43.48
247.95
98.01
114.57
48.00
24.04
3.34
80.50
324.00
3.30
119.28
299390.62
338
18.30
363.09
43.48
247.95
98.01
114.57
48.00
24.04
3.34
80.50
324.00
3.30
119.28
299343.42
339
18.30
363.09
43.48
247.95
98.01
114.57
48.00
24.04
3.34
80.50
324.00
3.30
119.28
299314.62
340
18.30
363.09
43.48
247.95
98.01
114.57
48.00
24.04
3.34
80.50
324.00
3.30
119.28
299332.02
341
18.30
363.09
43.48
247.95
98.01
114.57
48.00
24.04
3.34
80.50
324.00
3.30
119.28
299376.32
342
18.30
363.09
43.48
247.95
98.01
114.57
48.00
24.04
3.34
80.50
324.00
3.30
119.28
299438.72
343
18.30
363.09
43.48
247.95
98.01
114.57
48.00
24.04
3.34
80.50
324.00
3.30
119.28
299422.72
344
18.30
363.09
43.48
247.95
98.01
114.57
48.00
24.04
3.34
80.50
324.00
3.30
119.28
299524.52
345
18.30
363.09
43.48
247.95
98.01
114.57
48.00
24.04
3.34
80.50
324.00
3.30
119.28
299477.02
346
18.30
363.09
43.48
247.95
98.01
114.57
48.00
24.04
3.34
80.50
324.00
3.30
119.28
299611.32
347
18.30
363.09
43.48
247.95
98.01
114.57
48.00
24.04
3.34
80.50
324.00
3.30
119.28
299660.92
348
18.30
363.09
43.48
247.95
98.01
114.57
48.00
24.04
3.34
80.50
324.00
3.30
119.28
299594.32
349
18.30
363.09
43.48
247.95
98.01
114.57
48.00
24.04
3.34
80.50
324.00
3.30
119.28
299641.32
350
18.30
363.09
43.48
247.95
98.01
114.57
48.00
24.04
3.34
80.50
324.00
3.30
119.28
299440.92
351
18.30
363.09
43.48
247.95
98.01
114.57
48.00
24.04
3.34
80.50
324.00
3.30
119.28
299397.92
352
18.30
363.09
43.48
247.95
98.01
114.57
48.00
24.04
3.34
80.50
324.00
3.30
119.28
299295.72
353
18.30
363.09
43.48
247.95
98.01
114.57
48.00
24.04
3.34
80.50
324.00
3.30
119.28
299256.02
354
18.30
363.09
43.48
247.95
98.01
114.57
48.00
24.04
3.34
80.50
324.00
3.30
119.28
299313.62
355
18.30
363.09
43.48
247.95
98.01
114.57
48.00
24.04
3.34
80.50
324.00
3.30
119.28
299272.22
356
18.30
363.09
43.48
247.95
98.01
114.57
48.00
24.04
3.34
80.50
324.00
3.30
119.28
299262.72
357
18.30
363.09
43.48
247.95
98.01
114.57
48.00
24.04
3.34
80.50
324.00
3.30
119.28
299174.82
358
18.30
363.09
43.48
247.95
98.01
114.57
48.00
24.04
3.34
80.50
324.00
3.30
119.28
299112.62
359
18.30
363.09
43.48
247.95
98.01
114.57
48.00
24.04
3.34
80.50
324.00
3.30
119.28
299141.92
360
18.30
363.09
43.48
247.95
98.01
114.57
48.00
24.04
3.34
80.50
324.00
3.30
119.28
298961.62
361
18.30
363.09
43.48
247.95
98.01
114.57
48.00
24.04
3.34
80.50
324.00
3.30
119.28
298944.12
362
18.30
363.09
43.48
247.95
98.01
114.57
48.00
24.04
3.34
80.50
324.00
3.30
119.28
299004.12
363
18.30
363.09
43.48
247.95
98.01
114.57
48.00
24.04
3.34
80.50
324.00
3.30
119.28
299042.82
364
18.30
363.09
43.48
247.95
98.01
114.57
48.00
24.04
3.34
80.50
324.00
3.30
119.28
299077.62
365
18.30
363.09
43.48
247.95
98.01
114.57
48.00
24.04
3.34
80.50
324.00
3.30
119.28
299172.22
366
18.30
363.09
43.48
247.95
98.01
114.57
48.00
24.04
3.34
80.50
324.00
3.30
119.28
299184.02
367
18.30
363.09
43.48
247.95
98.01
114.57
48.00
24.04
3.34
80.50
324.00
3.30
119.28
299193.92
368
18.30
363.09
43.48
247.95
98.01
114.57
48.00
24.04
3.34
80.50
324.00
3.30
119.28
299045.02
369
18.30
363.09
43.48
247.95
98.01
114.57
48.00
24.04
3.34
80.50
324.00
3.30
119.28
299175.02
370
18.30
363.09
43.48
247.95
98.01
114.57
48.00
24.04
3.34
80.50
324.00
3.30
119.28
299218.42
371
18.30
363.09
43.48
247.95
98.01
114.57
48.00
24.04
3.34
80.50
324.00
3.30
119.28
299212.62
372
18.30
363.09
43.48
247.95
98.01
114.57
48.00
24.04
3.34
80.50
324.00
3.30
119.28
299132.92
373
18.30
363.09
43.48
247.95
98.01
114.57
48.00
24.04
3.34
80.50
324.00
3.30
119.28
299136.72
374
18.30
363.09
43.48
247.95
98.01
114.57
48.00
24.04
3.34
80.50
324.00
3.30
119.28
299135.02
375
18.30
363.09
43.48
247.95
98.01
114.57
48.00
24.04
3.34
80.50
324.00
3.30
119.28
299059.02
376
18.30
363.09
43.48
247.95
98.01
114.57
48.00
24.04
3.34
80.50
324.00
3.30
119.28
299104.72
377
18.30
363.09
43.48
247.95
98.01
114.57
48.00
24.04
3.34
80.50
324.00
3.30
119.28
299041.22
378
18.30
363.09
43.48
247.95
98.01
114.57
48.00
24.04
3.34
80.50
324.00
3.30
119.28
299033.62
379
18.30
363.09
43.48
247.95
98.01
114.57
48.00
24.04
3.34
80.50
324.00
3.30
119.28
299076.02
380
18.30
363.09
43.48
247.95
98.01
114.57
48.00
24.04
3.34
80.50
324.00
3.30
119.28
299081.42
381
18.30
363.09
43.48
247.95
98.01
114.57
48.00
24.04
3.34
80.50
324.00
3.30
119.28
299124.42
382
18.30
363.09
43.48
247.95
98.01
114.57
48.00
24.04
3.34
80.50
324.00
3.30
119.28
299114.62
383
18.30
363.09
43.48
247.95
98.01
114.57
48.00
24.04
3.34
80.50
324.00
3.30
119.28
299088.02
384
18.30
363.09
43.48
247.95
98.01
114.57
48.00
24.04
3.34
80.50
324.00
3.30
119.28
299111.42
385
18.30
363.09
43.48
247.95
98.01
114.57
48.00
24.04
3.34
80.50
324.00
3.30
119.28
299207.52
386
18.30
363.09
43.48
247.95
98.01
114.57
48.00
24.04
3.34
80.50
324.00
3.30
119.28
299229.02
387
18.30
363.09
43.48
247.95
98.01
114.57
48.00
24.04
3.34
80.50
324.00
3.30
119.28
299198.62
388
18.30
363.09
43.48
247.95
98.01
114.57
48.00
24.04
3.34
80.50
324.00
3.30
119.28
299144.42
389
18.30
363.09
43.48
247.95
98.01
114.57
48.00
24.04
3.34
80.50
324.00
3.30
119.28
299065.82
390
18.30
363.09
43.48
247.95
98.01
114.57
48.00
24.04
3.34
80.50
324.00
3.30
119.28
299095.12
391
18.30
363.09
43.48
247.95
98.01
114.57
48.00
24.04
3.34
80.50
324.00
3.30
119.28
299056.22
392
18.30
363.09
43.48
247.95
98.01
114.57
48.00
24.04
3.34
80.50
324.00
3.30
119.28
299090.22
393
18.30
363.09
43.48
247.95
98.01
114.57
48.00
24.04
3.34
80.50
324.00
3.30
119.28
298915.62
394
18.30
363.09
43.48
247.95
98.01
114.57
48.00
24.04
3.34
80.50
324.00
3.30
119.28
298919.32
395
18.30
363.09
43.48
247.95
98.01
114.57
48.00
24.04
3.34
80.50
324.00
3.30
119.28
298935.82
396
18.30
363.09
43.48
247.95
98.01
114.57
48.00
24.04
3.34
80.50
324.00
3.30
119.28
298922.72
397
18.30
363.09
43.48
247.95
98.01
114.57
48.00
24.04
3.34
80.50
324.00
3.30
119.28
298911.82
398
18.30
363.09
43.48
247.95
98.01
114.57
48.00
24.04
3.34
80.50
324.00
3.30
119.28
298875.62
399
18.30
363.09
43.48
247.95
98.01
114.57
48.00
24.04
3.34
80.50
324.00
3.30
119.28
298880.92
400
18.30
363.09
43.48
247.95
98.01
114.57
48.00
24.04
3.34
80.50
324.00
3.30
119.28
298905.22
401
18.30
363.09
43.48
247.95
98.01
114.57
48.00
24.04
3.34
80.50
324.00
3.30
119.28
299068.32
402
18.30
363.09
43.48
247.95
98.01
114.57
48.00
24.04
3.34
80.50
324.00
3.30
119.28
299107.32
403
18.30
363.09
43.48
247.95
98.01
114.57
48.00
24.04
3.34
80.50
324.00
3.30
119.28
299223.92
404
18.30
363.09
43.48
247.95
98.01
114.57
48.00
24.04
3.34
80.50
324.00
3.30
119.28
299161.42
405
18.30
363.09
43.48
247.95
98.01
114.57
48.00
24.04
3.34
80.50
324.00
3.30
119.28
299098.52
406
18.30
363.09
43.48
247.95
98.01
114.57
48.00
24.04
3.34
80.50
324.00
3.30
119.28
299089.72
407
18.30
363.09
43.48
247.95
98.01
114.57
48.00
24.04
3.34
80.50
324.00
3.30
119.28
299061.22
408
18.30
363.09
43.48
247.95
98.01
114.57
48.00
24.04
3.34
80.50
324.00
3.30
119.28
299064.72
409
18.30
363.09
43.48
247.95
98.01
114.57
48.00
24.04
3.34
80.50
324.00
3.30
119.28
299053.02
410
18.30
363.09
43.48
247.95
98.01
114.57
48.00
24.04
3.34
80.50
324.00
3.30
119.28
299243.32
411
18.30
363.09
43.48
247.95
98.01
114.57
48.00
24.04
3.34
80.50
324.00
3.30
119.28
299195.62
412
18.30
363.09
43.48
247.95
98.01
114.57
48.00
24.04
3.34
80.50
324.00
3.30
119.28
299234.52
413
18.30
363.09
43.48
247.95
98.01
114.57
48.00
24.04
3.34
80.50
324.00
3.30
119.28
299184.92
414
18.30
363.09
43.48
247.95
98.01
114.57
48.00
24.04
3.34
80.50
324.00
3.30
119.28
299198.22
415
18.30
363.09
43.48
247.95
98.01
114.57
48.00
24.04
3.34
80.50
324.00
3.30
119.28
299240.92
417
18.30
363.09
43.48
247.95
98.01
114.57
48.00
24.04
3.34
80.50
324.00
3.30
119.28
299405.32
418
18.30
363.09
43.48
247.95
98.01
114.57
48.00
24.04
3.34
80.50
324.00
3.30
119.28
299441.92
419
18.30
363.09
43.48
247.95
98.01
114.57
48.00
24.04
3.34
80.50
324.00
3.30
119.28
299465.92
420
18.30
363.09
43.48
247.95
98.01
114.57
48.00
24.04
3.34
80.50
324.00
3.30
119.28
299458.12
421
422
423
424
425
426
427
428
429
430
431
432
433
434
435
436
437
438
439
440
441
442
443
444
445
446
447
448
449
450
451
452
453
454
455
456
457
458
459
460
461
462
463
464
465
466
467
468
469
470
471
472
473
474
475
476
477
478
479
480
481
482
483
484
485
486
487
488
489
490
491
492
493
494
495
496
497
498
499
500
501
502
503
504
505
506
507
508
509
510
511
512
513
514
515
516
517
518
519
520
521
522
523
524
525
526
527
528
529
530
531
532
533
534
535
536
537
538
539
540
541
542
543
544
545
546
547
548
549
550
551
552
553
554
555
556
557
558
559
560
561
562
563
564
565
566
567
568
569
570
571
572
573
574
575
576
577
578
579
580
581
582
583
584
585
586
587
588
589
590
591
592
593
594
595
596
597
598
599
600
601
602
603
604
605
606
607
608
609
610
611
612
613
614
615
616
617
618
619
620
621
622
623
624
625
626
627
628
629
630
631
632
633
634
635
636
637
638
639
640
641
642
643
644
645
646
647
648
649
650
651
652
653
654
655
656
657
658
659
660
661
662
663
664
665
666
667
668
669
670
671
672
673
674
675
676
677
678
679
680
681
682
683
684
685
686
687
688
689
690
691
692
693
694
695
696
697
698
699
700
701
702
703
704
705
706
707
708
709
710
711
712
713
714
715
716
717
718
719
720
721
722
723
724
725
726
727
728
729
730
731
732
733
734
735
736
737
738
739
740
741
742
743
744
745
746
747
748
749
750
751
752
753
754
755
756
757
758
759
760
761
762
763
764
765
766
767
768
769
770
771
772
773
774
775
776
777
778
779
780
781
782
783
784
785
786
787
788
789
790
791
792
793
794
795
796
797
798
799
800
801
802
803
804
805
806
807
808
809
810
811
812
813
814
815
816
817
818
819
820
821
822
823
824
825
826
827
828
829
830
831
832
833
834
835
836
837
838
839
840
841
842
843
844
845
846
847
848
849
850
851
852
853
854
855
856
857
858
859
860
861
862
863
864
865
866
867
868
869
870
871
872
873
874
875
876
877
878
879
880
881
882
883
884
885
886
887
888
889
890
891
892
893
894
895
896
897
898
899
900
901
902
903
904
905
906
907
908
909
910
911
912
913
914
915
916
917
918
919
920
921
922
923
924
925
926
927
928
929
930
931
932
933
934
935
936
937
938
939
940
941
942
943
944
945
946
947
948
949
950
951
952
953
954
955
956
957
958
959
960
961
962
963
964
965
966
967
968
969
970
971
972
973
974
975
976
977
978
979
980
981
982
983
984
985
986
987
988
989
990
991
992
993
994
995
996
997
998
999
1000
1001
1002
1003
1004
1005
1006
1007
1008
1009
1010
1011
1012
1013
1014
1015
1016
1017
1018
1019
1020
1021
1022
1023
1024
1025
1026
1027
1028
1029
1030
1031
1032
1033
1034
1035
1036
1037
1038
1039
1040
1041
1042
1043
1044
1045
1046
1047
1048
1049
1050
1051
1052
1053
1054
1055
1056
1057
1058
1059
1060
1061
1062
1063
1064
1065
1066
1067
1068
1069
1070
1071
1072
1073
1074
1075
1076
1077
1078
1079
-360
-359
-358
-357
-356
-355
-354
-353
-352
-351
-350
-349
-348
-347
-346
-345
-344
-343
-342
-341
-340
-339
-338
-337
-336
-335
-334
-333
-332
-331
-330
-329
-328
-327
-326
-325
-324
-323
-322
-321
-320
-319
-318
-317
-316
-315
-314
-313
-312
-311
-310
-309
-308
-307
-306
-305
-304
-303
-302
-301
-300
-299
-298
-297
-296
-295
-294
-293
-292
-291
-290
-289
-288
-287
-286
-285
-284
-283
-282
-281
-280
-279
-278
-277
-276
-275
-274
-273
-272
-271
-270
-269
-268
-267
-266
-265
-264
-263
-262
-261
-260
-259
-258
-257
-256
-255
-254
-253
-252
-251
-250
-249
-248
-247
-246
-245
-244
-243
-242
-241
-240
-239
-238
-237
-236
-235
-234
-233
-232
-231
-230
-229
-228
-227
-226
-225
-224
-223
-222
-221
-220
-219
-218
-217
-216
-215
-214
-213
-212
-211
-210
-209
-208
-207
-206
-205
-204
-203
-202
-201
-200
-199
-198
-197
-196
-195
-194
-193
-192
-191
-190
-189
-188
-187
-186
-185
-184
-183
-182
-181
-180
-179
-178
-177
-176
-175
-174
-173
-172
-171
-170
-169
-168
-167
-166
-165
-164
-163
-162
-161
-160
-159
-158
-157
-156
-155
-154
-153
-152
-151
-150
-149
-148
-147
-146
-145
-144
-143
-142
-141
-140
-139
-138
-137
-136
-135
-134
-133
-132
-131
-130
-129
-128
-127
-126
-125
-124
-123
-122
-121
-120
-119
-118
-117
-116
-115
-114
-113
-112
-111
-110
-109
-108
-107
-106
-105
-104
-103
-102
-101
-100
-99
-98
-97
-96
-95
-94
-93
-92
-91
-90
-89
-88
-87
-86
-85
-84
-83
-82
-81
-80
-79
-78
-77
-76
-75
-74
-73
-72
-71
-70
-69
-68
-67
-66
-65
-64
-63
-62
-61
-60
-59
-58
-57
-56
-55
-54
-53
-52
-51
-50
-49
-48
-47
-46
-45
-44
-43
-42
-41
-40
-39
-38
-37
-36
-35
-34
-33
-32
-31
-30
-29
-28
-27
-26
-25
-24
-23
-22
-21
-20
-19
-18
-17
-16
-15
-14
-13
-12
-11
-10
-9
-8
-7
-6
-5
-4
-3
-2
-1
0







24.03





299468.92
1







24.03





299468.92
2







24.03





299468.92
3







24.03





299468.92
4







24.03





299468.92
6







24.03





299468.92
7







24.03





299468.92
8







24.03





299468.92
9







24.03





299468.92
10







24.03





299468.92
11







24.04





299468.92
12







24.03





299468.92
13







24.03





299468.92
14







24.03





299468.92
15







24.04





299468.92
16







24.04





299468.92
17







24.03





299468.92
18







24.03





299468.92
19







24.03





299468.92
20







24.03





299468.92
21







24.03





299468.92
22







24.03





299468.92
23







24.03





299468.92
24







24.04





299468.92
25







24.04





299468.92
26







24.04





299468.92
27







24.03





299468.92
28







24.04





299468.92
29







24.04





299468.92
30
18.71
372.48

252.21
99.03
115.58
49.02
24.04
3.60

334.92

120.95
303163.02
31
18.69
372.48

252.21
99.03
115.60
49.02
24.04
3.60

334.92

120.95
302935.12
32
18.69



99.03
115.60

24.04




120.95
302923.12
33
18.69
372.48

252.21
99.03
115.60
49.05
24.04
3.60



120.95
302869.72
34
18.69
372.48

252.21
99.03
115.60
49.05
24.04
3.60



120.95
302488.82
35
18.69
372.48

252.21
99.03
115.60
49.05
24.04
3.60



120.95
302202.62
36
18.69
372.48

252.21
98.86
115.60
49.05
24.04
3.60



120.76
302268.82
37
18.69
372.48

252.21
98.86
115.60
49.05
24.04
3.60



120.76
301738.42
38
18.69
372.48

252.21
98.86
115.60
49.05
24.04
3.60



120.76
301749.92
39
18.69
372.48

252.21
98.86
115.60
49.05
24.04
3.60



120.76
301761.72
40
18.69
372.48

252.21
98.86
115.60
49.05
24.04
3.60



120.76
301715.82
41
18.69
372.48

252.21
98.86
115.60
49.05
24.04
3.60



120.76
301488.92
42
18.69
372.48

252.21
98.86
115.60
49.05
24.04
3.60



120.76
301746.72
43
18.69
372.48

252.21
98.86
115.60
49.05
24.04
3.60



120.76
301834.92
44
18.69
372.48

252.21
98.86
115.60
49.05
24.04
3.60

335.42

120.76
301792.32
45
18.71
372.48

252.21
99.03
115.58
49.02
24.04
3.60
83.19
335.42

120.76
301915.52
46
18.71
372.48

252.21
99.03
115.58
49.02
24.04
3.60
83.19
335.42

120.81
301868.42
47
18.71
372.48

252.21
99.03
115.58
49.02
24.04
3.60
83.19
335.42

120.81
301640.52
48
18.71
372.48

252.21
99.03
115.58
49.02
24.04
3.60
83.19
335.42

120.81
301452.32
49
18.71
372.48

252.21
99.03
115.58
49.02
24.04
3.60
83.19
335.42

120.81
301331.22
50
18.71
372.48

252.21
99.03
115.58
49.02
24.04
3.60
83.19
335.42

120.81
301467.02
51
18.71
372.48

252.21
99.03
115.58
49.02
24.04
3.60
83.19
335.42

120.81
301701.42
52
18.71
372.48

252.21
99.03
115.58
49.02
24.04
3.60
83.19
335.42

120.81
301755.02
53
18.71
372.48

252.21
99.03
115.58
49.02
24.04
3.60
83.19
335.42

120.81
301766.02
54
18.71
372.48

252.21
99.03
115.58
49.02
24.04
3.60
83.19
335.42

120.81
301710.42
55
18.71
372.48
44.00
252.21
99.03
115.58
49.02
24.04
3.60
83.19
335.42

120.81
301996.52
56
18.71
372.48
44.00
252.21
99.03
115.58
49.02
24.04
3.60
83.19
335.42
3.30
120.81
301982.32
57
18.71
372.48
44.00
252.21
99.03
115.58
49.02
24.04
3.60
83.19
335.42
3.30
120.81
301788.32
58
18.71
372.48
44.00
252.21
99.03
115.58
49.02
24.04
3.60
83.19
335.42
3.30
120.81
301739.42
59
18.71
372.48
44.00
252.21
99.03
115.58
49.02
24.04
3.60
83.19
335.42
3.30
120.81
301689.92
60
18.71
372.48
44.00
252.21
99.03
115.58
49.02
24.04
3.60
83.19
335.42
3.30
120.81
301771.12
61
18.71
372.48
44.00
252.21
99.03
115.58
49.02
24.04
3.60
83.19
335.42
3.30
120.81
301932.72
62
18.71
372.48
44.00
252.21
99.03
115.58
49.02
24.04
3.60
83.19
335.42
3.30
120.81
301979.02
63
18.71
372.48
44.00
252.21
99.03
115.58
49.02
24.04
3.60
83.19
335.42
3.30
120.81
301810.92
64
18.71
372.48
44.00
252.21
99.03
115.58
49.02
24.04
3.60
83.19
335.42
3.30
120.81
301812.62
65
18.71
372.48
44.00
252.21
99.03
115.58
49.02
24.04
3.60
83.19
335.42
3.30
120.81
301836.52
66
18.71
372.48
44.00
252.21
99.03
115.58
49.02
24.04
3.60
83.19
335.42
3.30
120.81
301962.92
67
18.71
372.48
44.00
252.21
99.03
115.58
49.02
24.04
3.60
83.19
335.42
3.30
120.81
301770.32
68
18.71
372.48
44.00
252.21
99.03
115.58
49.02
24.04
3.60
83.19
335.42
3.30
120.81
301715.22
69
18.71
372.48
44.00
252.21
99.03
115.58
49.02
24.04
3.60
83.19
335.42
3.30
120.81
301736.72
70
18.71
372.48
44.00
252.21
99.03
115.58
49.02
24.04
3.60
83.19
335.42
3.30
120.81
301637.02
71
18.71
372.48
44.00
252.21
99.03
115.58
49.02
24.04
3.60
83.19
335.42
3.30
120.81
301653.42
72
18.71
372.48
44.00
252.21
99.03
115.58
49.02
24.04
3.60
83.19
335.42
3.30
120.81
301455.02
73
18.71
372.48
44.00
252.21
99.03
115.58
49.02
24.04
3.60
83.19
335.42
3.30
120.81
301546.42
74
18.71
372.48
44.00
252.21
99.03
115.58
49.02
24.04
3.60
83.19
335.42
3.30
120.81
301497.62
75
18.71
372.48
44.00
252.21
99.03
115.58
49.02
24.04
3.60
83.19
335.42
3.30
120.81
301450.32
76
18.71
372.48
44.00
252.21
99.03
115.58
49.02
24.04
3.60
83.19
335.42
3.30
120.81
301429.32
77
18.71
372.48
44.00
252.21
99.03
115.58
49.02
24.04
3.60
83.19
335.42
3.30
120.81
301381.22
78
18.71
372.48
44.00
252.21
99.03
115.58
49.02
24.04
3.60
83.19
335.42
3.30
120.81
301428.12
79
18.71
372.48
44.00
252.21
99.03
115.58
49.02
24.04
3.60
83.19
335.42
3.30
120.81
301563.92
80
18.71
372.48
44.00
252.21
99.03
115.58
49.02
24.04
3.60
83.19
335.42
3.30
120.81
301584.82
81
18.71
372.48
44.00
252.21
99.03
115.58
49.02
24.04
3.60
83.19
335.42
3.30
120.81
301590.72
82
18.71
372.48
44.00
252.21
99.03
115.58
49.02
24.04
3.60
83.19
335.42
3.30
120.81
301474.32
83
18.71
372.48
44.00
252.21
99.03
115.58
49.02
24.04
3.60
83.19
335.42
3.30
120.81
301609.92
84
18.71
372.48
44.00
252.21
99.03
115.58
49.02
24.04
3.60
83.19
335.42
3.30
120.81
301773.42
85
18.71
372.48
44.00
252.21
99.03
115.58
49.02
24.04
3.60
83.19
335.42
3.30
120.81
301883.92
86
18.71
372.48
44.00
252.21
99.03
115.58
49.02
24.04
3.60
83.19
335.42
3.30
120.81
301772.72
87
18.71
372.48
44.00
252.21
99.03
115.58
49.02
24.04
3.60
83.19
335.42
3.30
120.81
301744.32
88
18.71
372.48
44.00
252.21
99.03
115.58
49.02
24.04
3.60
83.19
335.42
3.30
120.81
301693.52
89
18.71
372.48
44.00
252.21
99.03
115.58
49.02
24.04
3.60
83.19
335.42
3.30
120.81
301621.12
90
18.71
372.48
44.00
252.21
99.03
115.58
49.02
24.04
3.60
83.19
335.42
3.30
120.81
301442.52
91
18.71
372.48
44.00
252.21
99.03
115.58
49.02
24.04
3.60
83.19
335.42
3.30
120.81
301588.92
92
18.71
372.48
44.00
252.21
99.03
115.58
49.02
24.04
3.60
83.19
335.42
3.30
120.81
301426.92
93
18.71
372.48
44.00
252.21
99.03
115.58
49.02
24.04
3.60
83.19
335.42
3.30
120.81
301503.52
94
18.71
372.48
44.00
252.21
99.03
115.58
49.02
24.04
3.60
83.19
335.42
3.30
120.81
301493.22
95
18.71
372.48
44.00
252.21
99.03
115.58
49.02
24.04
3.60
83.19
335.42
3.30
120.81
301397.32
96
18.71
372.48
44.00
252.21
99.03
115.58
49.02
24.04
3.60
83.19
335.42
3.30
120.81
301368.22
98
Traceback (most recent call last):
  File "stocks_chart.py", line 65, in <module>
    data = get_data(transaction_data['owned_stocks'].keys())
  File "stocks_chart.py", line 6, in get_data
    response = urllib2.urlopen("http://www.google.com/finance/info?infotype=infoquoteall&q=" + tickers)
  File "/usr/lib/python2.7/urllib2.py", line 127, in urlopen
    return _opener.open(url, data, timeout)
  File "/usr/lib/python2.7/urllib2.py", line 401, in open
    response = self._open(req, data)
  File "/usr/lib/python2.7/urllib2.py", line 419, in _open
    '_open', req)
  File "/usr/lib/python2.7/urllib2.py", line 379, in _call_chain
    result = func(*args)
  File "/usr/lib/python2.7/urllib2.py", line 1211, in http_open
    return self.do_open(httplib.HTTPConnection, req)
  File "/usr/lib/python2.7/urllib2.py", line 1181, in do_open
    raise URLError(err)
urllib2.URLError: <urlopen error [Errno -2] Name or service not known>
